<?xml version="1.0" encoding="UTF-8"?>
<!-- Generated by org.testng.reporters.JUnitReportReporter -->
<testsuite hostname="DESKTOP-91HRFE0" failures="0" tests="5" name="Test.EventsPageTest" time="96.938" errors="0" timestamp="2023-01-27T18:13:44 IST" skipped="0">
  <testcase classname="Test.EventsPageTest" name="displayLogo" time="0.126"/>
  <system-out/>
  <testcase classname="Test.EventsPageTest" name="EventsAdd" time="64.142"/>
  <system-out/>
  <testcase classname="Test.EventsPageTest" name="EventsEdit" time="11.831"/>
  <system-out/>
  <testcase classname="Test.EventsPageTest" name="EventsDelete" time="5.480"/>
  <system-out/>
  <testcase classname="Test.EventsPageTest" name="PaginationTest" time="15.359"/>
  <system-out/>
</testsuite> <!-- Test.EventsPageTest -->
