<?xml version="1.0" encoding="UTF-8"?>
<!-- Generated by org.testng.reporters.JUnitReportReporter -->
<testsuite hostname="DESKTOP-91HRFE0" failures="0" tests="5" name="Test.EMagazinePageTest" time="78.720" errors="0" timestamp="2023-01-27T18:13:44 IST" skipped="0">
  <testcase classname="Test.EMagazinePageTest" name="enteringMagazinePage" time="3.011"/>
  <system-out/>
  <testcase classname="Test.EMagazinePageTest" name="addingMagazine" time="50.539"/>
  <system-out/>
  <testcase classname="Test.EMagazinePageTest" name="editingMagazine" time="13.602"/>
  <system-out/>
  <testcase classname="Test.EMagazinePageTest" name="deleteMagazine" time="6.275"/>
  <system-out/>
  <testcase classname="Test.EMagazinePageTest" name="paginationTest" time="5.293"/>
  <system-out/>
</testsuite> <!-- Test.EMagazinePageTest -->
